[debug] [2024-08-25T06:22:18.219Z] ----------------------------------------------------------------------
[debug] [2024-08-25T06:22:18.223Z] Command:       /opt/homebrew/Cellar/node/22.7.0/bin/node /opt/homebrew/bin/firebase init
[debug] [2024-08-25T06:22:18.223Z] CLI Version:   13.15.4
[debug] [2024-08-25T06:22:18.223Z] Platform:      darwin
[debug] [2024-08-25T06:22:18.223Z] Node Version:  v22.7.0
[debug] [2024-08-25T06:22:18.224Z] Time:          Sun Aug 25 2024 11:52:18 GMT+0530 (India Standard Time)
[debug] [2024-08-25T06:22:18.224Z] ----------------------------------------------------------------------
[debug] 
[debug] [2024-08-25T06:22:18.233Z] > command requires scopes: ["email","openid","https://www.googleapis.com/auth/cloudplatformprojects.readonly","https://www.googleapis.com/auth/firebase","https://www.googleapis.com/auth/cloud-platform"]
[debug] [2024-08-25T06:22:18.234Z] > authorizing via signed-in user (jobinjose.in@gmail.com)
[info] 
     ######## #### ########  ######## ########     ###     ######  ########
     ##        ##  ##     ## ##       ##     ##  ##   ##  ##       ##
     ######    ##  ########  ######   ########  #########  ######  ######
     ##        ##  ##    ##  ##       ##     ## ##     ##       ## ##
     ##       #### ##     ## ######## ########  ##     ##  ######  ########

You're about to initialize a Firebase project in this directory:

  /Volumes/Jobin-HDD/backups/jobin

Before we get started, keep in mind:

  * You are currently outside your home directory

[info] 
=== Project Setup
[info] 
[info] First, let's associate this project directory with a Firebase project.
[info] You can create multiple project aliases by running firebase use --add, 
[info] but for now we'll just set up a default project.
[info] 
[debug] [2024-08-25T06:23:35.603Z] >>> [apiv2][query] GET https://firebase.googleapis.com/v1beta1/projects pageSize=100
[debug] [2024-08-25T06:23:36.358Z] <<< [apiv2][status] GET https://firebase.googleapis.com/v1beta1/projects 200
[debug] [2024-08-25T06:23:36.358Z] <<< [apiv2][body] GET https://firebase.googleapis.com/v1beta1/projects [omitted]
[info] i  Using project portfolio-6df38 (portfolio) 
[info] 
=== Hosting Setup
[debug] [2024-08-25T06:23:38.607Z] >>> [apiv2][query] GET https://firebase.googleapis.com/v1beta1/projects/portfolio-6df38 [none]
[debug] [2024-08-25T06:23:39.126Z] <<< [apiv2][status] GET https://firebase.googleapis.com/v1beta1/projects/portfolio-6df38 200
[debug] [2024-08-25T06:23:39.127Z] <<< [apiv2][body] GET https://firebase.googleapis.com/v1beta1/projects/portfolio-6df38 {"projectId":"portfolio-6df38","projectNumber":"997618404475","displayName":"portfolio","name":"projects/portfolio-6df38","resources":{"hostingSite":"portfolio-6df38"},"state":"ACTIVE","etag":"1_ba72cf46-cc68-4e9f-a7bf-8c0331d8f2ea"}
[info] 
[info] Your public directory is the folder (relative to your project directory) that
[info] will contain Hosting assets to be uploaded with firebase deploy. If you
[info] have a build process for your assets, use your build's output directory.
[info] 
